<?xml version="1.0" encoding="UTF-8"?>
<!-- Generated by org.testng.reporters.JUnitReportReporter -->
<testsuite hostname="LAPTOP-42I55FH6" failures="0" tests="6" name="com.E2E_FrameWrok.testCases.LoginTest" time="20.255" errors="0" timestamp="2024-08-18T05:16:48 IST" skipped="0">
  <testcase classname="com.E2E_FrameWrok.testCases.LoginTest" name="loginTest" time="4.687"/>
  <testcase classname="com.E2E_FrameWrok.testCases.LoginTest" name="loginTest" time="4.558"/>
  <testcase classname="com.E2E_FrameWrok.testCases.LoginTest" name="testtwo" time="0.032"/>
  <testcase classname="com.E2E_FrameWrok.testCases.LoginTest" name="testtwo" time="0.031"/>
  <testcase classname="com.E2E_FrameWrok.testCases.LoginTest" name="testthree" time="5.471"/>
  <testcase classname="com.E2E_FrameWrok.testCases.LoginTest" name="testthree" time="5.476"/>
</testsuite> <!-- com.E2E_FrameWrok.testCases.LoginTest -->
