<?xml version="1.0" encoding="UTF-8"?>
<!-- Generated by org.testng.reporters.JUnitReportReporter -->
<testsuite hostname="LAPTOP-42I55FH6" failures="0" tests="6" name="com.E2E_FrameWrok.testCases.LoginTest" time="21.014" errors="0" timestamp="2024-08-18T05:25:00 IST" skipped="0">
  <testcase classname="com.E2E_FrameWrok.testCases.LoginTest" name="loginTest" time="4.691"/>
  <testcase classname="com.E2E_FrameWrok.testCases.LoginTest" name="loginTest" time="5.080"/>
  <testcase classname="com.E2E_FrameWrok.testCases.LoginTest" name="testtwo" time="0.016"/>
  <testcase classname="com.E2E_FrameWrok.testCases.LoginTest" name="testtwo" time="0.024"/>
  <testcase classname="com.E2E_FrameWrok.testCases.LoginTest" name="testthree" time="5.495"/>
  <testcase classname="com.E2E_FrameWrok.testCases.LoginTest" name="testthree" time="5.708"/>
</testsuite> <!-- com.E2E_FrameWrok.testCases.LoginTest -->
